0.472745   0.346458   0.329628
0.356681   -0.453581   -0.112072
-0.186123   0.332293   0.34256
0.0172862   -0.259648   -0.17073
0.155867   -0.379666   -0.477258
-0.0680317   0.234187   -0.186667
-0.00613641   0.495447   -0.370691
0.104444   -0.240222   -0.00219755
-0.340429   -0.202744   0.432249
-0.0251405   -0.418157   -0.0673769
-0.146172   0.251813   0.484668
-0.364326   0.292563   0.326823
-0.122054   0.405968   -0.124799
0.22363   0.432214   -0.110556
-0.122695   0.447531   0.00816287
0.351635   -0.254933   0.0328962
0.357362   -0.0859997   0.28532
-0.395689   -0.26672   0.0388392
0.195701   -0.356858   -0.181426
0.257037   -0.187256   0.42459
-0.310226   -0.400041   0.118122
-0.382404   0.44498   -0.0677349
-0.261342   0.377698   0.0419024
-0.236104   -0.3991   -0.137666
-0.175579   -0.0889832   0.493353
-0.235779   0.317616   0.114877
0.221952   -0.0175292   -0.426906
-0.130009   -0.468656   -0.0633027
0.244375   0.188484   -0.484645
-0.235742   -0.144322   0.0206149
0.250696   -0.229879   -0.0403351
0.242819   -0.234614   0.109002
-0.365462   0.213986   0.268307
0.278694   -0.454843   -0.142281
0.409562   -0.0664952   -0.0708898
-0.0269023   0.273472   -0.386521
-0.230102   -0.403713   0.36418
-0.185519   0.266568   -0.387455
-0.230564   -0.0745318   -0.344025
-0.409975   -0.356044   0.0921504
-0.0400341   0.200309   -0.477178
0.266682   0.234653   -0.406656
-0.32659   -0.489997   0.00644712
-0.0481321   0.430837   -0.0882746
0.0459879   -0.260962   0.280007
0.238029   0.355259   -0.309568
-0.460483   0.415532   -0.0431315
0.211059   -0.249321   -0.245596
-0.40512   -0.387893   -0.301367
0.420799   -0.167071   -0.355254
0.129123   0.47254   -0.153126
0.310339   -0.305403   0.268767
-0.304959   -0.122139   -0.498981
-0.208357   -0.25101   0.0412632
0.317145   0.285918   -0.485838
0.134386   0.327054   -0.485966
-0.276267   0.147443   0.0228966
-0.134785   -0.353518   -0.178345
-0.4307   -0.449537   -0.381903
-0.47384   0.143131   0.431865
-0.0625556   -0.400955   -0.153013
-0.26342   -0.474571   0.0625754
-0.418279   0.285107   -0.158289
-0.267302   -0.0545528   0.0484306
0.014481   -0.160391   0.170955
-0.208751   0.0713202   0.326382
0.428597   0.168294   -0.437784
-0.294694   0.289904   -0.0908193
-0.232661   0.277162   -0.307612
0.0136108   0.491963   -0.126345
0.428607   -0.0413233   0.374432
-0.256912   -0.44811   -0.2202
0.178163   -0.185057   0.101247
0.489105   0.475502   -0.165886
-0.344573   0.332263   0.181346
0.192052   0.35353   -0.130906
0.127062   -0.0129246   0.166881
-0.292516   -0.0688065   -0.268527
-0.0453051   0.336763   0.44993
-0.169086   -0.460117   -0.390621
0.319523   -0.101261   -0.086146
-0.227725   -0.187881   -0.125693
0.418581   0.281126   -0.232239
0.440041   0.259765   0.345775
-0.346   0.316173   -0.0303226
0.31284   -0.123899   0.199307
-0.13653   -0.212248   -0.311772
0.107775   -0.244434   0.443722
-0.13222   -0.25391   -0.169292
0.146955   -0.294706   -0.198771
-0.308793   0.413087   -0.00959088
0.174005   0.236167   -0.240261
0.313982   0.0175668   0.098754
-0.349905   0.0250644   -0.473489
-0.100533   -0.233518   0.373353
-0.0693119   0.282032   -0.4698
-0.151456   0.438049   0.374311
0.371937   0.457338   -0.00907428
-0.164955   0.0613336   -0.479943
-0.118141   -0.163597   0.282852
0.156755   0.331618   -0.345818
-0.287583   -0.333908   -0.458741
0.481818   -0.12032   -0.376998
0.461015   -0.132142   0.418501
-0.491204   -0.11764   0.230082
0.260433   -0.456462   -0.0563511
0.399849   -0.118795   0.344376
-0.409034   0.34784   -0.0816813
