0.527044   -0.426842   -0.0753402
0.0139506   0.310338   -0.445099
0.678111   0.160107   -2.09545
0.0381902   -1.32758   -0.776504
1.68139   1.23081   1.44079
0.42351   0.69591   0.365502
-0.0487947   -0.0582436   0.00648575
-0.374758   -0.0905798   -0.0221811
2.49734   -0.908166   -1.83752
-0.953629   0.382961   -0.293123
1.28415   -0.84307   0.536547
-2.76956   1.70587   0.15634
-0.173112   1.8635   -1.44894
-0.113913   0.429565   -1.85973
0.847667   0.0615313   0.332598
-1.47346   -1.0495   -1.46498
0.00631661   -1.3059   -1.38521
2.64634   -1.41443   0.191579
1.57416   1.49576   -0.134897
1.13507   2.00325   0.635431
-0.0194396   1.01322   -1.18951
2.26141   -1.5437   -1.23189
-0.503197   -0.724428   1.01714
0.572866   -0.20449   -0.0495342
1.9169   -0.343577   -0.776915
-0.701138   0.821272   1.44503
-0.871302   -0.183801   -1.08486
-0.519004   0.849644   1.27493
0.515904   0.192548   0.893587
-0.350356   -1.73086   -2.13028
0.200254   -0.0391127   -0.044576
0.959512   2.36228   1.18178
-1.03063   -2.06135   -0.0352321
0.16632   0.3463   2.63103
1.33461   -0.407245   -0.493674
-0.546902   -0.00129792   0.0548718
-0.547999   0.668806   -1.34381
-0.206514   1.89692   -2.03564
0.22048   -1.07625   -0.383315
0.404681   -0.734864   0.547685
0.0294599   0.150062   0.479469
0.434145   -0.0655015   -0.618316
1.02475   1.70598   -1.00222
0.410435   0.00615584   0.135744
-0.425463   -1.45017   -0.45269
0.369388   -0.535809   -0.606854
1.30745   -2.03948   0.935727
-1.13923   1.06334   0.687545
1.24321   -0.768472   1.12636
-0.253022   -1.85754   1.47658
-0.0884993   -2.79511   -1.66711
-0.285928   -0.137389   0.493524
1.19129   -2.12   -0.910196
-0.0312887   -0.930112   1.75592
-0.691246   0.187339   -0.622226
-0.425505   1.03625   0.164296
-0.174796   0.423009   -0.732862
0.140479   0.622077   -1.04599
-0.500689   -1.09592   -1.27782
-0.652282   -1.08004   1.36404
-1.88186   0.401787   1.47669
0.329292   0.983158   -0.684866
-1.00397   -0.415025   1.94132
-0.672794   0.548069   1.3489
-0.64541   -0.36029   -1.44781
-1.67117   1.01951   2.31781
-0.57276   0.422826   1.57718
-1.87689   2.95059   1.09081
0.839426   -1.29332   1.09267
0.27535   -1.64944   0.785854
0.619375   0.872813   -0.988081
-0.915572   -0.0547849   1.16746
-0.281939   0.374647   -1.43113
-0.404333   -0.513638   -2.0534
1.17907   -1.43656   -2.16967
-1.7334   -1.32632   0.437166
1.67744   0.608136   -1.76569
-1.30152   -1.02737   -0.811855
-1.12025   0.245629   -1.22055
0.80582   0.346472   -0.91939
-2.19417   -0.0253868   1.519
-1.61157   -1.41415   0.501112
-1.30994   -0.351881   0.784501
0.671976   0.847597   1.39699
-0.0460327   0.212508   -1.04209
0.183085   2.20091   0.552928
0.939727   0.636081   1.02906
0.771173   1.13769   1.25733
-0.249814   0.411102   0.912307
-1.46507   -0.371517   -1.23682
-0.697302   0.129017   1.94824
-0.493184   -0.103268   -0.0291863
-0.323478   0.123716   0.226004
1.03097   0.706513   -0.17249
-0.807676   -0.426722   -0.725014
2.81498   -2.61233   0.368578
-0.234648   -1.75702   -0.372253
-0.11863   3.31471   -0.123119
0.0760393   2.43414   0.857554
-0.965522   -0.828627   1.52531
1.57164   0.688644   1.64255
-0.63679   -0.991136   1.03394
0.76022   -0.497309   -0.644008
-0.809166   -0.0509528   0.743998
-0.346667   1.44186   -1.33068
1.75491   1.76076   0.307824
-0.254958   0.525317   0.724274
-1.83912   -0.171124   -1.1553
